<?xml version="1.0" encoding="UTF-8"?>
<testsuite name="InsertionSortTest" tests="1" skipped="0" failures="0" errors="0" timestamp="2016-02-10T17:53:11" hostname="AMUSLT25366" time="0.016">
  <properties/>
  <testcase name="testSort" classname="InsertionSortTest" time="0.016"/>
  <system-out><![CDATA[]]></system-out>
  <system-err><![CDATA[]]></system-err>
</testsuite>
