<?xml version="1.0" encoding="UTF-8"?>
<testsuite name="QuickSortTest" tests="1" skipped="0" failures="0" errors="0" timestamp="2016-02-11T20:03:27" hostname="AMUSLT25366" time="0.001">
  <properties/>
  <testcase name="testQuickSorting" classname="QuickSortTest" time="0.001"/>
  <system-out><![CDATA[]]></system-out>
  <system-err><![CDATA[]]></system-err>
</testsuite>
