<?xml version="1.0" encoding="UTF-8"?>
<testsuite name="SearchAndSortTest" tests="2" skipped="0" failures="0" errors="0" timestamp="2016-02-09T19:14:19" hostname="AMUSLT25366" time="0.0">
  <properties/>
  <testcase name="testSearcharray" classname="SearchAndSortTest" time="0.0"/>
  <testcase name="testMain" classname="SearchAndSortTest" time="0.0"/>
  <system-out><![CDATA[]]></system-out>
  <system-err><![CDATA[]]></system-err>
</testsuite>
